<?xml version="1.0" encoding="UTF-8"?>
<testng-results ignored="0" total="1" passed="1" failed="0" skipped="0">
  <reporter-output>
    <line>
      <![CDATA[Browser Launched successfully]]>
    </line>
  </reporter-output>
  <suite started-at="2019-12-26T08:28:30Z" name="Default suite" finished-at="2019-12-26T08:31:43Z" duration-ms="192832">
    <groups>
    </groups>
    <test started-at="2019-12-26T08:28:30Z" name="Default test" finished-at="2019-12-26T08:31:43Z" duration-ms="192832">
      <class name="com.pa.qa.testcases.DataBaseTest">
        <test-method is-config="true" signature="ConfigureReport()[pri:0, instance:com.pa.qa.testcases.DataBaseTest@ea6147e]" started-at="2019-12-26T13:58:30Z" name="ConfigureReport" finished-at="2019-12-26T13:58:31Z" duration-ms="377" status="PASS">
          <reporter-output>
          </reporter-output>
        </test-method> <!-- ConfigureReport -->
        <test-method is-config="true" signature="setUp()[pri:0, instance:com.pa.qa.testcases.DataBaseTest@ea6147e]" started-at="2019-12-26T13:58:31Z" name="setUp" finished-at="2019-12-26T13:59:18Z" duration-ms="47887" status="PASS">
          <reporter-output>
            <line>
              <![CDATA[Browser Launched successfully]]>
            </line>
          </reporter-output>
        </test-method> <!-- setUp -->
        <test-method signature="HomePage()[pri:0, instance:com.pa.qa.testcases.DataBaseTest@ea6147e]" started-at="2019-12-26T13:59:18Z" name="HomePage" finished-at="2019-12-26T14:01:40Z" duration-ms="141731" status="PASS">
          <reporter-output>
          </reporter-output>
        </test-method> <!-- HomePage -->
        <test-method is-config="true" signature="getResult(org.testng.ITestResult)[pri:0, instance:com.pa.qa.testcases.DataBaseTest@ea6147e]" started-at="2019-12-26T14:01:40Z" name="getResult" finished-at="2019-12-26T14:01:42Z" duration-ms="1379" status="PASS">
          <params>
            <param index="0">
              <value>
                <![CDATA[[TestResult name=HomePage status=SUCCESS method=DataBaseTest.HomePage()[pri:0, instance:com.pa.qa.testcases.DataBaseTest@ea6147e] output={null}]]]>
              </value>
            </param>
          </params>
          <reporter-output>
          </reporter-output>
        </test-method> <!-- getResult -->
        <test-method is-config="true" signature="tearDown()[pri:0, instance:com.pa.qa.testcases.DataBaseTest@ea6147e]" started-at="2019-12-26T14:01:42Z" name="tearDown" finished-at="2019-12-26T14:01:43Z" duration-ms="1408" status="PASS">
          <reporter-output>
          </reporter-output>
        </test-method> <!-- tearDown -->
      </class> <!-- com.pa.qa.testcases.DataBaseTest -->
    </test> <!-- Default test -->
  </suite> <!-- Default suite -->
</testng-results>
